Arguments: 
  C:\Program Files\nodejs\node.exe C:\Program Files (x86)\Yarn\bin\yarn.js add eslint-config-airbnb-base eslint-plugin-import eslint-plugin-jsx-a11y eslint-plugin-react -g

PATH: 
  C:\Program Files\ImageMagick-7.0.1-Q16;C:\Program Files (x86)\Intel\iCLS Client\;C:\Program Files\Intel\iCLS Client\;C:\WINDOWS\system32;C:\WINDOWS;C:\WINDOWS\System32\Wbem;C:\WINDOWS\System32\WindowsPowerShell\v1.0\;C:\Program Files (x86)\Intel\Intel(R) Management Engine Components\DAL;C:\Program Files\Intel\Intel(R) Management Engine Components\DAL;C:\Program Files (x86)\Intel\Intel(R) Management Engine Components\IPT;C:\Program Files\Intel\Intel(R) Management Engine Components\IPT;C:\Program Files\Intel\WiFi\bin\;C:\Program Files\Common Files\Intel\WirelessCommon\;C:\Ruby23-x64\bin;C:\Program Files\nodejs\;C:\Program Files\Git\cmd;C:\Program Files\Git\mingw64\bin;C:\Program Files\Git\usr\bin;C:\Program Files (x86)\Yarn\bin\;C:\Program Files\PuTTY\;C:\Users\ShanGuo\AppData\Local\Microsoft\WindowsApps;C:\Users\ShanGuo\AppData\Local\Microsoft\WindowsApps;C:\Users\ShanGuo\AppData\Roaming\npm;C:\Program Files\Microsoft VS Code\bin;C:\Users\ShanGuo\AppData\Local\Yarn\bin

Yarn version: 
  1.5.1

Node version: 
  8.9.3

Platform: 
  win32 x64

npm manifest: 
  {
    "dependencies": {
      "eslint-config-airbnb": "^16.1.0"
    }
  }

yarn manifest: 
  No manifest

Lockfile: 
  # THIS IS AN AUTOGENERATED FILE. DO NOT EDIT THIS FILE DIRECTLY.
  # yarn lockfile v1
  
  
  eslint-config-airbnb-base@^12.1.0:
    version "12.1.0"
    resolved "https://registry.yarnpkg.com/eslint-config-airbnb-base/-/eslint-config-airbnb-base-12.1.0.tgz#386441e54a12ccd957b0a92564a4bafebd747944"
    dependencies:
      eslint-restricted-globals "^0.1.1"
  
  eslint-config-airbnb@^16.1.0:
    version "16.1.0"
    resolved "https://registry.yarnpkg.com/eslint-config-airbnb/-/eslint-config-airbnb-16.1.0.tgz#2546bfb02cc9fe92284bf1723ccf2e87bc45ca46"
    dependencies:
      eslint-config-airbnb-base "^12.1.0"
  
  eslint-restricted-globals@^0.1.1:
    version "0.1.1"
    resolved "https://registry.yarnpkg.com/eslint-restricted-globals/-/eslint-restricted-globals-0.1.1.tgz#35f0d5cbc64c2e3ed62e93b4b1a7af05ba7ed4d7"

Trace: 
  Error: Couldn't find package "has@^1.0.1" required by "eslint-plugin-import" on the "npm" registry.
      at new MessageError (C:\Program Files (x86)\Yarn\lib\cli.js:186:110)
      at PackageRequest.<anonymous> (C:\Program Files (x86)\Yarn\lib\cli.js:36274:17)
      at Generator.throw (<anonymous>)
      at step (C:\Program Files (x86)\Yarn\lib\cli.js:98:30)
      at C:\Program Files (x86)\Yarn\lib\cli.js:111:13
      at <anonymous>
      at process._tickCallback (internal/process/next_tick.js:188:7)
